This file contains any messages produced by compilers while
running configure, to aid debugging if configure makes a mistake.

It was created by libiex configure 1.0.1, which was
generated by GNU Autoconf 2.69.  Invocation command line was

  $ ./configure --no-create --no-recursion

## --------- ##
## Platform. ##
## --------- ##

hostname = poetic
uname -m = x86_64
uname -r = 4.9.0-7-amd64
uname -s = Linux
uname -v = #1 SMP Debian 4.9.110-3+deb9u1 (2018-08-03)

/usr/bin/uname -p = unknown
/bin/uname -X     = unknown

/bin/arch              = unknown
/usr/bin/arch -k       = unknown
/usr/convex/getsysinfo = unknown
/usr/bin/hostinfo      = unknown
/bin/machine           = unknown
/usr/bin/oslevel       = unknown
/bin/universe          = unknown

PATH: /home/buck/bin
PATH: /usr/local/bin
PATH: /usr/bin
PATH: /bin
PATH: /usr/local/games
PATH: /usr/games
PATH: /opt/rasdaman//bin


## ----------- ##
## Core tests. ##
## ----------- ##

configure:2332: checking for g++
configure:2348: found /usr/bin/g++
configure:2359: result: g++
configure:2386: checking for C++ compiler version
configure:2395: g++ --version >&5
g++ (Debian 6.3.0-18+deb9u1) 6.3.0 20170516
Copyright (C) 2016 Free Software Foundation, Inc.
This is free software; see the source for copying conditions.  There is NO
warranty; not even for MERCHANTABILITY or FITNESS FOR A PARTICULAR PURPOSE.

configure:2406: $? = 0
configure:2395: g++ -v >&5
Using built-in specs.
COLLECT_GCC=g++
COLLECT_LTO_WRAPPER=/usr/lib/gcc/x86_64-linux-gnu/6/lto-wrapper
Target: x86_64-linux-gnu
Configured with: ../src/configure -v --with-pkgversion='Debian 6.3.0-18+deb9u1' --with-bugurl=file:///usr/share/doc/gcc-6/README.Bugs --enable-languages=c,ada,c++,java,go,d,fortran,objc,obj-c++ --prefix=/usr --program-suffix=-6 --program-prefix=x86_64-linux-gnu- --enable-shared --enable-linker-build-id --libexecdir=/usr/lib --without-included-gettext --enable-threads=posix --libdir=/usr/lib --enable-nls --with-sysroot=/ --enable-clocale=gnu --enable-libstdcxx-debug --enable-libstdcxx-time=yes --with-default-libstdcxx-abi=new --enable-gnu-unique-object --disable-vtable-verify --enable-libmpx --enable-plugin --enable-default-pie --with-system-zlib --disable-browser-plugin --enable-java-awt=gtk --enable-gtk-cairo --with-java-home=/usr/lib/jvm/java-1.5.0-gcj-6-amd64/jre --enable-java-home --with-jvm-root-dir=/usr/lib/jvm/java-1.5.0-gcj-6-amd64 --with-jvm-jar-dir=/usr/lib/jvm-exports/java-1.5.0-gcj-6-amd64 --with-arch-directory=amd64 --with-ecj-jar=/usr/share/java/eclipse-ecj.jar --with-target-system-zlib --enable-objc-gc=auto --enable-multiarch --with-arch-32=i686 --with-abi=m64 --with-multilib-list=m32,m64,mx32 --enable-multilib --with-tune=generic --enable-checking=release --build=x86_64-linux-gnu --host=x86_64-linux-gnu --target=x86_64-linux-gnu
Thread model: posix
gcc version 6.3.0 20170516 (Debian 6.3.0-18+deb9u1) 
configure:2406: $? = 0
configure:2395: g++ -V >&5
g++: error: unrecognized command line option '-V'
g++: fatal error: no input files
compilation terminated.
configure:2406: $? = 1
configure:2395: g++ -qversion >&5
g++: error: unrecognized command line option '-qversion'; did you mean '--version'?
g++: fatal error: no input files
compilation terminated.
configure:2406: $? = 1
configure:2426: checking whether the C++ compiler works
configure:2448: g++    conftest.cpp  >&5
configure:2452: $? = 0
configure:2500: result: yes
configure:2503: checking for C++ compiler default output file name
configure:2505: result: a.out
configure:2511: checking for suffix of executables
configure:2518: g++ -o conftest    conftest.cpp  >&5
configure:2522: $? = 0
configure:2544: result: 
configure:2566: checking whether we are cross compiling
configure:2574: g++ -o conftest    conftest.cpp  >&5
configure:2578: $? = 0
configure:2585: ./conftest
configure:2589: $? = 0
configure:2604: result: no
configure:2609: checking for suffix of object files
configure:2631: g++ -c   conftest.cpp >&5
configure:2635: $? = 0
configure:2656: result: o
configure:2660: checking whether we are using the GNU C++ compiler
configure:2679: g++ -c   conftest.cpp >&5
configure:2679: $? = 0
configure:2688: result: yes
configure:2697: checking whether g++ accepts -g
configure:2717: g++ -c -g  conftest.cpp >&5
configure:2717: $? = 0
configure:2758: result: yes
configure:2815: checking build system type
configure:2829: result: x86_64-pc-linux-gnu
configure:2849: checking host system type
configure:2862: result: x86_64-pc-linux-gnu
configure:2882: checking target system type
configure:2895: result: x86_64-pc-linux-gnu
configure:2941: checking for a BSD-compatible install
configure:3009: result: /usr/bin/install -c
configure:3020: checking whether build environment is sane
configure:3075: result: yes
configure:3226: checking for a thread-safe mkdir -p
configure:3265: result: /bin/mkdir -p
configure:3272: checking for gawk
configure:3288: found /usr/bin/gawk
configure:3299: result: gawk
configure:3310: checking whether make sets $(MAKE)
configure:3332: result: yes
configure:3362: checking for style of include used by make
configure:3390: result: GNU
configure:3424: checking whether make supports nested variables
configure:3441: result: yes
configure:3526: checking dependency style of g++
configure:3637: result: gcc3
configure:3744: checking for gcc
configure:3760: found /usr/bin/gcc
configure:3771: result: gcc
configure:4000: checking for C compiler version
configure:4009: gcc --version >&5
gcc (Debian 6.3.0-18+deb9u1) 6.3.0 20170516
Copyright (C) 2016 Free Software Foundation, Inc.
This is free software; see the source for copying conditions.  There is NO
warranty; not even for MERCHANTABILITY or FITNESS FOR A PARTICULAR PURPOSE.

configure:4020: $? = 0
configure:4009: gcc -v >&5
Using built-in specs.
COLLECT_GCC=gcc
COLLECT_LTO_WRAPPER=/usr/lib/gcc/x86_64-linux-gnu/6/lto-wrapper
Target: x86_64-linux-gnu
Configured with: ../src/configure -v --with-pkgversion='Debian 6.3.0-18+deb9u1' --with-bugurl=file:///usr/share/doc/gcc-6/README.Bugs --enable-languages=c,ada,c++,java,go,d,fortran,objc,obj-c++ --prefix=/usr --program-suffix=-6 --program-prefix=x86_64-linux-gnu- --enable-shared --enable-linker-build-id --libexecdir=/usr/lib --without-included-gettext --enable-threads=posix --libdir=/usr/lib --enable-nls --with-sysroot=/ --enable-clocale=gnu --enable-libstdcxx-debug --enable-libstdcxx-time=yes --with-default-libstdcxx-abi=new --enable-gnu-unique-object --disable-vtable-verify --enable-libmpx --enable-plugin --enable-default-pie --with-system-zlib --disable-browser-plugin --enable-java-awt=gtk --enable-gtk-cairo --with-java-home=/usr/lib/jvm/java-1.5.0-gcj-6-amd64/jre --enable-java-home --with-jvm-root-dir=/usr/lib/jvm/java-1.5.0-gcj-6-amd64 --with-jvm-jar-dir=/usr/lib/jvm-exports/java-1.5.0-gcj-6-amd64 --with-arch-directory=amd64 --with-ecj-jar=/usr/share/java/eclipse-ecj.jar --with-target-system-zlib --enable-objc-gc=auto --enable-multiarch --with-arch-32=i686 --with-abi=m64 --with-multilib-list=m32,m64,mx32 --enable-multilib --with-tune=generic --enable-checking=release --build=x86_64-linux-gnu --host=x86_64-linux-gnu --target=x86_64-linux-gnu
Thread model: posix
gcc version 6.3.0 20170516 (Debian 6.3.0-18+deb9u1) 
configure:4020: $? = 0
configure:4009: gcc -V >&5
gcc: error: unrecognized command line option '-V'
gcc: fatal error: no input files
compilation terminated.
configure:4020: $? = 1
configure:4009: gcc -qversion >&5
gcc: error: unrecognized command line option '-qversion'; did you mean '--version'?
gcc: fatal error: no input files
compilation terminated.
configure:4020: $? = 1
configure:4024: checking whether we are using the GNU C compiler
configure:4043: gcc -c   conftest.c >&5
configure:4043: $? = 0
configure:4052: result: yes
configure:4061: checking whether gcc accepts -g
configure:4081: gcc -c -g  conftest.c >&5
configure:4081: $? = 0
configure:4122: result: yes
configure:4139: checking for gcc option to accept ISO C89
configure:4202: gcc  -c -g -O2  conftest.c >&5
configure:4202: $? = 0
configure:4215: result: none needed
configure:4240: checking whether gcc understands -c and -o together
configure:4262: gcc -c conftest.c -o conftest2.o
configure:4265: $? = 0
configure:4262: gcc -c conftest.c -o conftest2.o
configure:4265: $? = 0
configure:4277: result: yes
configure:4296: checking dependency style of gcc
configure:4407: result: gcc3
configure:4470: checking how to print strings
configure:4497: result: printf
configure:4518: checking for a sed that does not truncate output
configure:4582: result: /bin/sed
configure:4600: checking for grep that handles long lines and -e
configure:4658: result: /bin/grep
configure:4663: checking for egrep
configure:4725: result: /bin/grep -E
configure:4730: checking for fgrep
configure:4792: result: /bin/grep -F
configure:4827: checking for ld used by gcc
configure:4894: result: /usr/bin/ld
configure:4901: checking if the linker (/usr/bin/ld) is GNU ld
configure:4916: result: yes
configure:4928: checking for BSD- or MS-compatible name lister (nm)
configure:4982: result: /usr/bin/nm -B
configure:5112: checking the name lister (/usr/bin/nm -B) interface
configure:5119: gcc -c -g -O2  conftest.c >&5
configure:5122: /usr/bin/nm -B "conftest.o"
configure:5125: output
0000000000000000 B some_variable
configure:5132: result: BSD nm
configure:5135: checking whether ln -s works
configure:5139: result: yes
configure:5147: checking the maximum length of command line arguments
configure:5278: result: 1572864
configure:5326: checking how to convert x86_64-pc-linux-gnu file names to x86_64-pc-linux-gnu format
configure:5366: result: func_convert_file_noop
configure:5373: checking how to convert x86_64-pc-linux-gnu file names to toolchain format
configure:5393: result: func_convert_file_noop
configure:5400: checking for /usr/bin/ld option to reload object files
configure:5407: result: -r
configure:5481: checking for objdump
configure:5497: found /usr/bin/objdump
configure:5508: result: objdump
configure:5540: checking how to recognize dependent libraries
configure:5740: result: pass_all
configure:5825: checking for dlltool
configure:5855: result: no
configure:5885: checking how to associate runtime and link libraries
configure:5912: result: printf %s\n
configure:5973: checking for ar
configure:5989: found /usr/bin/ar
configure:6000: result: ar
configure:6037: checking for archiver @FILE support
configure:6054: gcc -c -g -O2  conftest.c >&5
configure:6054: $? = 0
configure:6057: ar cru libconftest.a @conftest.lst >&5
ar: `u' modifier ignored since `D' is the default (see `U')
configure:6060: $? = 0
configure:6065: ar cru libconftest.a @conftest.lst >&5
ar: `u' modifier ignored since `D' is the default (see `U')
ar: conftest.o: No such file or directory
configure:6068: $? = 1
configure:6080: result: @
configure:6138: checking for strip
configure:6154: found /usr/bin/strip
configure:6165: result: strip
configure:6237: checking for ranlib
configure:6253: found /usr/bin/ranlib
configure:6264: result: ranlib
configure:6366: checking command to parse /usr/bin/nm -B output from gcc object
configure:6519: gcc -c -g -O2  conftest.c >&5
configure:6522: $? = 0
configure:6526: /usr/bin/nm -B conftest.o \| sed -n -e 's/^.*[ ]\([ABCDGIRSTW][ABCDGIRSTW]*\)[ ][ ]*\([_A-Za-z][_A-Za-z0-9]*\)$/\1 \2 \2/p' | sed '/ __gnu_lto/d' \> conftest.nm
configure:6529: $? = 0
configure:6595: gcc -o conftest -g -O2   conftest.c conftstm.o >&5
configure:6598: $? = 0
configure:6636: result: ok
configure:6683: checking for sysroot
configure:6713: result: no
configure:6720: checking for a working dd
configure:6758: result: /bin/dd
configure:6762: checking how to truncate binary pipes
configure:6777: result: /bin/dd bs=4096 count=1
configure:6913: gcc -c -g -O2  conftest.c >&5
configure:6916: $? = 0
configure:7106: checking for mt
configure:7122: found /bin/mt
configure:7133: result: mt
configure:7156: checking if mt is a manifest tool
configure:7162: mt '-?'
configure:7170: result: no
configure:7847: checking how to run the C preprocessor
configure:7878: gcc -E  conftest.c
configure:7878: $? = 0
configure:7892: gcc -E  conftest.c
conftest.c:11:28: fatal error: ac_nonexistent.h: No such file or directory
 #include <ac_nonexistent.h>
                            ^
compilation terminated.
configure:7892: $? = 1
configure: failed program was:
| /* confdefs.h */
| #define PACKAGE_NAME "libiex"
| #define PACKAGE_TARNAME "libiex"
| #define PACKAGE_VERSION "1.0.1"
| #define PACKAGE_STRING "libiex 1.0.1"
| #define PACKAGE_BUGREPORT "info@radair.org"
| #define PACKAGE_URL "http://www.radair.org"
| #define PACKAGE "libiex"
| #define VERSION "1.0.1"
| /* end confdefs.h.  */
| #include <ac_nonexistent.h>
configure:7917: result: gcc -E
configure:7937: gcc -E  conftest.c
configure:7937: $? = 0
configure:7951: gcc -E  conftest.c
conftest.c:11:28: fatal error: ac_nonexistent.h: No such file or directory
 #include <ac_nonexistent.h>
                            ^
compilation terminated.
configure:7951: $? = 1
configure: failed program was:
| /* confdefs.h */
| #define PACKAGE_NAME "libiex"
| #define PACKAGE_TARNAME "libiex"
| #define PACKAGE_VERSION "1.0.1"
| #define PACKAGE_STRING "libiex 1.0.1"
| #define PACKAGE_BUGREPORT "info@radair.org"
| #define PACKAGE_URL "http://www.radair.org"
| #define PACKAGE "libiex"
| #define VERSION "1.0.1"
| /* end confdefs.h.  */
| #include <ac_nonexistent.h>
configure:7980: checking for ANSI C header files
configure:8000: gcc -c -g -O2  conftest.c >&5
configure:8000: $? = 0
configure:8073: gcc -o conftest -g -O2   conftest.c  >&5
configure:8073: $? = 0
configure:8073: ./conftest
configure:8073: $? = 0
configure:8084: result: yes
configure:8097: checking for sys/types.h
configure:8097: gcc -c -g -O2  conftest.c >&5
configure:8097: $? = 0
configure:8097: result: yes
configure:8097: checking for sys/stat.h
configure:8097: gcc -c -g -O2  conftest.c >&5
configure:8097: $? = 0
configure:8097: result: yes
configure:8097: checking for stdlib.h
configure:8097: gcc -c -g -O2  conftest.c >&5
configure:8097: $? = 0
configure:8097: result: yes
configure:8097: checking for string.h
configure:8097: gcc -c -g -O2  conftest.c >&5
configure:8097: $? = 0
configure:8097: result: yes
configure:8097: checking for memory.h
configure:8097: gcc -c -g -O2  conftest.c >&5
configure:8097: $? = 0
configure:8097: result: yes
configure:8097: checking for strings.h
configure:8097: gcc -c -g -O2  conftest.c >&5
configure:8097: $? = 0
configure:8097: result: yes
configure:8097: checking for inttypes.h
configure:8097: gcc -c -g -O2  conftest.c >&5
configure:8097: $? = 0
configure:8097: result: yes
configure:8097: checking for stdint.h
configure:8097: gcc -c -g -O2  conftest.c >&5
configure:8097: $? = 0
configure:8097: result: yes
configure:8097: checking for unistd.h
configure:8097: gcc -c -g -O2  conftest.c >&5
configure:8097: $? = 0
configure:8097: result: yes
configure:8111: checking for dlfcn.h
configure:8111: gcc -c -g -O2  conftest.c >&5
configure:8111: $? = 0
configure:8111: result: yes
configure:8378: checking for objdir
configure:8393: result: .libs
configure:8657: checking if gcc supports -fno-rtti -fno-exceptions
configure:8675: gcc -c -g -O2  -fno-rtti -fno-exceptions conftest.c >&5
cc1: warning: command line option '-fno-rtti' is valid for C++/ObjC++ but not for C
configure:8679: $? = 0
configure:8692: result: no
configure:9050: checking for gcc option to produce PIC
configure:9057: result: -fPIC -DPIC
configure:9065: checking if gcc PIC flag -fPIC -DPIC works
configure:9083: gcc -c -g -O2  -fPIC -DPIC -DPIC conftest.c >&5
configure:9087: $? = 0
configure:9100: result: yes
configure:9129: checking if gcc static flag -static works
configure:9157: result: yes
configure:9172: checking if gcc supports -c -o file.o
configure:9193: gcc -c -g -O2  -o out/conftest2.o conftest.c >&5
configure:9197: $? = 0
configure:9219: result: yes
configure:9227: checking if gcc supports -c -o file.o
configure:9274: result: yes
configure:9307: checking whether the gcc linker (/usr/bin/ld -m elf_x86_64) supports shared libraries
configure:10570: result: yes
configure:10607: checking whether -lc should be explicitly linked in
configure:10615: gcc -c -g -O2  conftest.c >&5
configure:10618: $? = 0
configure:10633: gcc -shared  -fPIC -DPIC conftest.o  -v -Wl,-soname -Wl,conftest -o conftest 2\>\&1 \| /bin/grep  -lc  \>/dev/null 2\>\&1
configure:10636: $? = 0
configure:10650: result: no
configure:10810: checking dynamic linker characteristics
configure:11391: gcc -o conftest -g -O2   -Wl,-rpath -Wl,/foo conftest.c  >&5
configure:11391: $? = 0
configure:11640: result: GNU/Linux ld.so
configure:11762: checking how to hardcode library paths into programs
configure:11787: result: immediate
configure:12335: checking whether stripping libraries is possible
configure:12340: result: yes
configure:12375: checking if libtool supports shared libraries
configure:12377: result: yes
configure:12380: checking whether to build shared libraries
configure:12405: result: yes
configure:12408: checking whether to build static libraries
configure:12412: result: yes
configure:12435: checking how to run the C++ preprocessor
configure:12462: g++ -E  conftest.cpp
configure:12462: $? = 0
configure:12476: g++ -E  conftest.cpp
conftest.cpp:23:28: fatal error: ac_nonexistent.h: No such file or directory
 #include <ac_nonexistent.h>
                            ^
compilation terminated.
configure:12476: $? = 1
configure: failed program was:
| /* confdefs.h */
| #define PACKAGE_NAME "libiex"
| #define PACKAGE_TARNAME "libiex"
| #define PACKAGE_VERSION "1.0.1"
| #define PACKAGE_STRING "libiex 1.0.1"
| #define PACKAGE_BUGREPORT "info@radair.org"
| #define PACKAGE_URL "http://www.radair.org"
| #define PACKAGE "libiex"
| #define VERSION "1.0.1"
| #define STDC_HEADERS 1
| #define HAVE_SYS_TYPES_H 1
| #define HAVE_SYS_STAT_H 1
| #define HAVE_STDLIB_H 1
| #define HAVE_STRING_H 1
| #define HAVE_MEMORY_H 1
| #define HAVE_STRINGS_H 1
| #define HAVE_INTTYPES_H 1
| #define HAVE_STDINT_H 1
| #define HAVE_UNISTD_H 1
| #define HAVE_DLFCN_H 1
| #define LT_OBJDIR ".libs/"
| /* end confdefs.h.  */
| #include <ac_nonexistent.h>
configure:12501: result: g++ -E
configure:12521: g++ -E  conftest.cpp
configure:12521: $? = 0
configure:12535: g++ -E  conftest.cpp
conftest.cpp:23:28: fatal error: ac_nonexistent.h: No such file or directory
 #include <ac_nonexistent.h>
                            ^
compilation terminated.
configure:12535: $? = 1
configure: failed program was:
| /* confdefs.h */
| #define PACKAGE_NAME "libiex"
| #define PACKAGE_TARNAME "libiex"
| #define PACKAGE_VERSION "1.0.1"
| #define PACKAGE_STRING "libiex 1.0.1"
| #define PACKAGE_BUGREPORT "info@radair.org"
| #define PACKAGE_URL "http://www.radair.org"
| #define PACKAGE "libiex"
| #define VERSION "1.0.1"
| #define STDC_HEADERS 1
| #define HAVE_SYS_TYPES_H 1
| #define HAVE_SYS_STAT_H 1
| #define HAVE_STDLIB_H 1
| #define HAVE_STRING_H 1
| #define HAVE_MEMORY_H 1
| #define HAVE_STRINGS_H 1
| #define HAVE_INTTYPES_H 1
| #define HAVE_STDINT_H 1
| #define HAVE_UNISTD_H 1
| #define HAVE_DLFCN_H 1
| #define LT_OBJDIR ".libs/"
| /* end confdefs.h.  */
| #include <ac_nonexistent.h>
configure:12697: checking for ld used by g++
configure:12764: result: /usr/bin/ld -m elf_x86_64
configure:12771: checking if the linker (/usr/bin/ld -m elf_x86_64) is GNU ld
configure:12786: result: yes
configure:12841: checking whether the g++ linker (/usr/bin/ld -m elf_x86_64) supports shared libraries
configure:13914: result: yes
configure:13950: g++ -c -g -O2  conftest.cpp >&5
configure:13953: $? = 0
configure:14434: checking for g++ option to produce PIC
configure:14441: result: -fPIC -DPIC
configure:14449: checking if g++ PIC flag -fPIC -DPIC works
configure:14467: g++ -c -g -O2  -fPIC -DPIC -DPIC conftest.cpp >&5
configure:14471: $? = 0
configure:14484: result: yes
configure:14507: checking if g++ static flag -static works
configure:14535: result: yes
configure:14547: checking if g++ supports -c -o file.o
configure:14568: g++ -c -g -O2  -o out/conftest2.o conftest.cpp >&5
configure:14572: $? = 0
configure:14594: result: yes
configure:14599: checking if g++ supports -c -o file.o
configure:14646: result: yes
configure:14676: checking whether the g++ linker (/usr/bin/ld -m elf_x86_64) supports shared libraries
configure:14719: result: yes
configure:14860: checking dynamic linker characteristics
configure:15617: result: GNU/Linux ld.so
configure:15682: checking how to hardcode library paths into programs
configure:15707: result: immediate
configure:15916: checking that generated files are newer than configure
configure:15922: result: done
configure:15949: creating ./config.status

## ---------------- ##
## Cache variables. ##
## ---------------- ##

ac_cv_build=x86_64-pc-linux-gnu
ac_cv_c_compiler_gnu=yes
ac_cv_cxx_compiler_gnu=yes
ac_cv_env_CCC_set=
ac_cv_env_CCC_value=
ac_cv_env_CC_set=
ac_cv_env_CC_value=
ac_cv_env_CFLAGS_set=
ac_cv_env_CFLAGS_value=
ac_cv_env_CPPFLAGS_set=
ac_cv_env_CPPFLAGS_value=
ac_cv_env_CPP_set=
ac_cv_env_CPP_value=
ac_cv_env_CXXCPP_set=
ac_cv_env_CXXCPP_value=
ac_cv_env_CXXFLAGS_set=
ac_cv_env_CXXFLAGS_value=
ac_cv_env_CXX_set=
ac_cv_env_CXX_value=
ac_cv_env_LDFLAGS_set=
ac_cv_env_LDFLAGS_value=
ac_cv_env_LIBS_set=
ac_cv_env_LIBS_value=
ac_cv_env_LT_SYS_LIBRARY_PATH_set=
ac_cv_env_LT_SYS_LIBRARY_PATH_value=
ac_cv_env_build_alias_set=
ac_cv_env_build_alias_value=
ac_cv_env_host_alias_set=
ac_cv_env_host_alias_value=
ac_cv_env_target_alias_set=
ac_cv_env_target_alias_value=
ac_cv_header_dlfcn_h=yes
ac_cv_header_inttypes_h=yes
ac_cv_header_memory_h=yes
ac_cv_header_stdc=yes
ac_cv_header_stdint_h=yes
ac_cv_header_stdlib_h=yes
ac_cv_header_string_h=yes
ac_cv_header_strings_h=yes
ac_cv_header_sys_stat_h=yes
ac_cv_header_sys_types_h=yes
ac_cv_header_unistd_h=yes
ac_cv_host=x86_64-pc-linux-gnu
ac_cv_objext=o
ac_cv_path_EGREP='/bin/grep -E'
ac_cv_path_FGREP='/bin/grep -F'
ac_cv_path_GREP=/bin/grep
ac_cv_path_SED=/bin/sed
ac_cv_path_install='/usr/bin/install -c'
ac_cv_path_lt_DD=/bin/dd
ac_cv_path_mkdir=/bin/mkdir
ac_cv_prog_AWK=gawk
ac_cv_prog_CPP='gcc -E'
ac_cv_prog_CXXCPP='g++ -E'
ac_cv_prog_ac_ct_AR=ar
ac_cv_prog_ac_ct_CC=gcc
ac_cv_prog_ac_ct_CXX=g++
ac_cv_prog_ac_ct_MANIFEST_TOOL=mt
ac_cv_prog_ac_ct_OBJDUMP=objdump
ac_cv_prog_ac_ct_RANLIB=ranlib
ac_cv_prog_ac_ct_STRIP=strip
ac_cv_prog_cc_c89=
ac_cv_prog_cc_g=yes
ac_cv_prog_cxx_g=yes
ac_cv_prog_make_make_set=yes
ac_cv_target=x86_64-pc-linux-gnu
am_cv_CC_dependencies_compiler_type=gcc3
am_cv_CXX_dependencies_compiler_type=gcc3
am_cv_make_support_nested_variables=yes
am_cv_prog_cc_c_o=yes
lt_cv_ar_at_file=@
lt_cv_archive_cmds_need_lc=no
lt_cv_deplibs_check_method=pass_all
lt_cv_file_magic_cmd='$MAGIC_CMD'
lt_cv_file_magic_test_file=
lt_cv_ld_reload_flag=-r
lt_cv_nm_interface='BSD nm'
lt_cv_objdir=.libs
lt_cv_path_LD=/usr/bin/ld
lt_cv_path_LDCXX='/usr/bin/ld -m elf_x86_64'
lt_cv_path_NM='/usr/bin/nm -B'
lt_cv_path_mainfest_tool=no
lt_cv_prog_compiler_c_o=yes
lt_cv_prog_compiler_c_o_CXX=yes
lt_cv_prog_compiler_pic='-fPIC -DPIC'
lt_cv_prog_compiler_pic_CXX='-fPIC -DPIC'
lt_cv_prog_compiler_pic_works=yes
lt_cv_prog_compiler_pic_works_CXX=yes
lt_cv_prog_compiler_rtti_exceptions=no
lt_cv_prog_compiler_static_works=yes
lt_cv_prog_compiler_static_works_CXX=yes
lt_cv_prog_gnu_ld=yes
lt_cv_prog_gnu_ldcxx=yes
lt_cv_sharedlib_from_linklib_cmd='printf %s\n'
lt_cv_shlibpath_overrides_runpath=yes
lt_cv_sys_global_symbol_pipe='sed -n -e '\''s/^.*[	 ]\([ABCDGIRSTW][ABCDGIRSTW]*\)[	 ][	 ]*\([_A-Za-z][_A-Za-z0-9]*\)$/\1 \2 \2/p'\'' | sed '\''/ __gnu_lto/d'\'''
lt_cv_sys_global_symbol_to_c_name_address='sed -n -e '\''s/^: \(.*\) .*$/  {"\1", (void *) 0},/p'\'' -e '\''s/^[ABCDGIRSTW][ABCDGIRSTW]* .* \(.*\)$/  {"\1", (void *) \&\1},/p'\'''
lt_cv_sys_global_symbol_to_c_name_address_lib_prefix='sed -n -e '\''s/^: \(.*\) .*$/  {"\1", (void *) 0},/p'\'' -e '\''s/^[ABCDGIRSTW][ABCDGIRSTW]* .* \(lib.*\)$/  {"\1", (void *) \&\1},/p'\'' -e '\''s/^[ABCDGIRSTW][ABCDGIRSTW]* .* \(.*\)$/  {"lib\1", (void *) \&\1},/p'\'''
lt_cv_sys_global_symbol_to_cdecl='sed -n -e '\''s/^T .* \(.*\)$/extern int \1();/p'\'' -e '\''s/^[ABCDGIRSTW][ABCDGIRSTW]* .* \(.*\)$/extern char \1;/p'\'''
lt_cv_sys_global_symbol_to_import=
lt_cv_sys_max_cmd_len=1572864
lt_cv_to_host_file_cmd=func_convert_file_noop
lt_cv_to_tool_file_cmd=func_convert_file_noop
lt_cv_truncate_bin='/bin/dd bs=4096 count=1'

## ----------------- ##
## Output variables. ##
## ----------------- ##

ACLOCAL='${SHELL} /home/buck/dev/c++/iex/libiex/missing aclocal-1.15'
AMDEPBACKSLASH='\'
AMDEP_FALSE='#'
AMDEP_TRUE=''
AMTAR='$${TAR-tar}'
AM_BACKSLASH='\'
AM_DEFAULT_V='$(AM_DEFAULT_VERBOSITY)'
AM_DEFAULT_VERBOSITY='1'
AM_V='$(V)'
AR='ar'
AUTOCONF='${SHELL} /home/buck/dev/c++/iex/libiex/missing autoconf'
AUTOHEADER='${SHELL} /home/buck/dev/c++/iex/libiex/missing autoheader'
AUTOMAKE='${SHELL} /home/buck/dev/c++/iex/libiex/missing automake-1.15'
AWK='gawk'
CC='gcc'
CCDEPMODE='depmode=gcc3'
CFLAGS='-g -O2'
CPP='gcc -E'
CPPFLAGS=''
CXX='g++'
CXXCPP='g++ -E'
CXXDEPMODE='depmode=gcc3'
CXXFLAGS='-g -O2'
CYGPATH_W='echo'
DEFS='-DPACKAGE_NAME=\"libiex\" -DPACKAGE_TARNAME=\"libiex\" -DPACKAGE_VERSION=\"1.0.1\" -DPACKAGE_STRING=\"libiex\ 1.0.1\" -DPACKAGE_BUGREPORT=\"info@radair.org\" -DPACKAGE_URL=\"http://www.radair.org\" -DPACKAGE=\"libiex\" -DVERSION=\"1.0.1\" -DSTDC_HEADERS=1 -DHAVE_SYS_TYPES_H=1 -DHAVE_SYS_STAT_H=1 -DHAVE_STDLIB_H=1 -DHAVE_STRING_H=1 -DHAVE_MEMORY_H=1 -DHAVE_STRINGS_H=1 -DHAVE_INTTYPES_H=1 -DHAVE_STDINT_H=1 -DHAVE_UNISTD_H=1 -DHAVE_DLFCN_H=1 -DLT_OBJDIR=\".libs/\"'
DEPDIR='.deps'
DLLTOOL='false'
DSYMUTIL=''
DUMPBIN=''
ECHO_C=''
ECHO_N='-n'
ECHO_T=''
EGREP='/bin/grep -E'
EXEEXT=''
FGREP='/bin/grep -F'
GREP='/bin/grep'
INSTALL_DATA='${INSTALL} -m 644'
INSTALL_PROGRAM='${INSTALL}'
INSTALL_SCRIPT='${INSTALL}'
INSTALL_STRIP_PROGRAM='$(install_sh) -c -s'
LD='/usr/bin/ld -m elf_x86_64'
LDFLAGS=''
LIBOBJS=''
LIBS=''
LIBTOOL='$(SHELL) $(top_builddir)/libtool'
LIPO=''
LN_S='ln -s'
LTLIBOBJS=''
LT_SYS_LIBRARY_PATH=''
MAKEINFO='${SHELL} /home/buck/dev/c++/iex/libiex/missing makeinfo'
MANIFEST_TOOL=':'
MKDIR_P='/bin/mkdir -p'
NM='/usr/bin/nm -B'
NMEDIT=''
OBJDUMP='objdump'
OBJEXT='o'
OTOOL64=''
OTOOL=''
PACKAGE='libiex'
PACKAGE_BUGREPORT='info@radair.org'
PACKAGE_NAME='libiex'
PACKAGE_STRING='libiex 1.0.1'
PACKAGE_TARNAME='libiex'
PACKAGE_URL='http://www.radair.org'
PACKAGE_VERSION='1.0.1'
PATH_SEPARATOR=':'
RANLIB='ranlib'
SED='/bin/sed'
SET_MAKE=''
SHELL='/bin/bash'
STRIP='strip'
VERSION='1.0.1'
ac_ct_AR='ar'
ac_ct_CC='gcc'
ac_ct_CXX='g++'
ac_ct_DUMPBIN=''
am__EXEEXT_FALSE=''
am__EXEEXT_TRUE='#'
am__fastdepCC_FALSE='#'
am__fastdepCC_TRUE=''
am__fastdepCXX_FALSE='#'
am__fastdepCXX_TRUE=''
am__include='include'
am__isrc=''
am__leading_dot='.'
am__nodep='_no'
am__quote=''
am__tar='$${TAR-tar} chof - "$$tardir"'
am__untar='$${TAR-tar} xf -'
bindir='${exec_prefix}/bin'
build='x86_64-pc-linux-gnu'
build_alias=''
build_cpu='x86_64'
build_os='linux-gnu'
build_vendor='pc'
datadir='${datarootdir}'
datarootdir='${prefix}/share'
docdir='${datarootdir}/doc/${PACKAGE_TARNAME}'
dvidir='${docdir}'
exec_prefix='${prefix}'
host='x86_64-pc-linux-gnu'
host_alias=''
host_cpu='x86_64'
host_os='linux-gnu'
host_vendor='pc'
htmldir='${docdir}'
includedir='${prefix}/include'
infodir='${datarootdir}/info'
install_sh='${SHELL} /home/buck/dev/c++/iex/libiex/install-sh'
libdir='${exec_prefix}/lib'
libexecdir='${exec_prefix}/libexec'
localedir='${datarootdir}/locale'
localstatedir='${prefix}/var'
mandir='${datarootdir}/man'
mkdir_p='$(MKDIR_P)'
oldincludedir='/usr/include'
pdfdir='${docdir}'
prefix='/usr/local'
program_transform_name='s,x,x,'
psdir='${docdir}'
runstatedir='${localstatedir}/run'
sbindir='${exec_prefix}/sbin'
sharedstatedir='${prefix}/com'
sysconfdir='${prefix}/etc'
target='x86_64-pc-linux-gnu'
target_alias=''
target_cpu='x86_64'
target_os='linux-gnu'
target_vendor='pc'

## ----------- ##
## confdefs.h. ##
## ----------- ##

/* confdefs.h */
#define PACKAGE_NAME "libiex"
#define PACKAGE_TARNAME "libiex"
#define PACKAGE_VERSION "1.0.1"
#define PACKAGE_STRING "libiex 1.0.1"
#define PACKAGE_BUGREPORT "info@radair.org"
#define PACKAGE_URL "http://www.radair.org"
#define PACKAGE "libiex"
#define VERSION "1.0.1"
#define STDC_HEADERS 1
#define HAVE_SYS_TYPES_H 1
#define HAVE_SYS_STAT_H 1
#define HAVE_STDLIB_H 1
#define HAVE_STRING_H 1
#define HAVE_MEMORY_H 1
#define HAVE_STRINGS_H 1
#define HAVE_INTTYPES_H 1
#define HAVE_STDINT_H 1
#define HAVE_UNISTD_H 1
#define HAVE_DLFCN_H 1
#define LT_OBJDIR ".libs/"

configure: exit 0

## ---------------------- ##
## Running config.status. ##
## ---------------------- ##

This file was extended by libiex config.status 1.0.1, which was
generated by GNU Autoconf 2.69.  Invocation command line was

  CONFIG_FILES    = 
  CONFIG_HEADERS  = 
  CONFIG_LINKS    = 
  CONFIG_COMMANDS = 
  $ ./config.status 

on poetic

config.status:1079: creating Makefile
config.status:1079: creating exampleProgram/Makefile
config.status:1079: creating TestProgram/Makefile
config.status:1079: creating libiex/Makefile
config.status:1079: creating include/Makefile
config.status:1251: executing depfiles commands
config.status:1251: executing libtool commands
